{"/home/tomas/todolist-app/src/App.tsx": {"path":"/home/tomas/todolist-app/src/App.tsx","statementMap":{"0":{"start":{"line":10,"column":4},"end":{"line":18,"column":null}}},"fnMap":{"0":{"name":"App","decl":{"start":{"line":7,"column":24},"end":{"line":7,"column":30}},"loc":{"start":{"line":7,"column":30},"end":{"line":20,"column":null}}}},"branchMap":{},"s":{"0":1},"f":{"0":1},"b":{}}
,"/home/tomas/todolist-app/src/item-context.tsx": {"path":"/home/tomas/todolist-app/src/item-context.tsx","statementMap":{"0":{"start":{"line":5,"column":17},"end":{"line":5,"column":null}},"1":{"start":{"line":10,"column":28},"end":{"line":10,"column":null}},"2":{"start":{"line":11,"column":33},"end":{"line":11,"column":null}},"3":{"start":{"line":14,"column":29},"end":{"line":41,"column":null}},"4":{"start":{"line":15,"column":30},"end":{"line":15,"column":null}},"5":{"start":{"line":17,"column":4},"end":{"line":19,"column":null}},"6":{"start":{"line":18,"column":8},"end":{"line":18,"column":null}},"7":{"start":{"line":22,"column":23},"end":{"line":32,"column":null}},"8":{"start":{"line":23,"column":8},"end":{"line":31,"column":null}},"9":{"start":{"line":24,"column":29},"end":{"line":24,"column":null}},"10":{"start":{"line":25,"column":26},"end":{"line":25,"column":null}},"11":{"start":{"line":27,"column":12},"end":{"line":27,"column":null}},"12":{"start":{"line":30,"column":12},"end":{"line":30,"column":null}},"13":{"start":{"line":34,"column":4},"end":{"line":39,"column":null}}},"fnMap":{"0":{"name":"(anonymous_0)","decl":{"start":{"line":11,"column":47},"end":{"line":11,"column":53}},"loc":{"start":{"line":11,"column":53},"end":{"line":11,"column":55}}},"1":{"name":"(anonymous_1)","decl":{"start":{"line":14,"column":29},"end":{"line":14,"column":30}},"loc":{"start":{"line":14,"column":76},"end":{"line":41,"column":null}}},"2":{"name":"(anonymous_2)","decl":{"start":{"line":17,"column":14},"end":{"line":17,"column":20}},"loc":{"start":{"line":17,"column":20},"end":{"line":19,"column":7}}},"3":{"name":"(anonymous_3)","decl":{"start":{"line":22,"column":23},"end":{"line":22,"column":36}},"loc":{"start":{"line":22,"column":36},"end":{"line":32,"column":null}}}},"branchMap":{},"s":{"0":3,"1":3,"2":3,"3":3,"4":25,"5":25,"6":8,"7":25,"8":20,"9":20,"10":19,"11":19,"12":1,"13":25},"f":{"0":5,"1":25,"2":8,"3":20},"b":{}}
,"/home/tomas/todolist-app/src/list-context.tsx": {"path":"/home/tomas/todolist-app/src/list-context.tsx","statementMap":{"0":{"start":{"line":5,"column":17},"end":{"line":5,"column":null}},"1":{"start":{"line":7,"column":28},"end":{"line":7,"column":null}},"2":{"start":{"line":8,"column":32},"end":{"line":8,"column":null}},"3":{"start":{"line":11,"column":29},"end":{"line":38,"column":null}},"4":{"start":{"line":12,"column":30},"end":{"line":12,"column":null}},"5":{"start":{"line":14,"column":4},"end":{"line":16,"column":null}},"6":{"start":{"line":15,"column":8},"end":{"line":15,"column":null}},"7":{"start":{"line":18,"column":23},"end":{"line":28,"column":null}},"8":{"start":{"line":19,"column":8},"end":{"line":27,"column":null}},"9":{"start":{"line":20,"column":29},"end":{"line":20,"column":null}},"10":{"start":{"line":21,"column":26},"end":{"line":21,"column":null}},"11":{"start":{"line":23,"column":12},"end":{"line":23,"column":null}},"12":{"start":{"line":26,"column":12},"end":{"line":26,"column":null}},"13":{"start":{"line":31,"column":4},"end":{"line":36,"column":null}}},"fnMap":{"0":{"name":"(anonymous_0)","decl":{"start":{"line":8,"column":46},"end":{"line":8,"column":52}},"loc":{"start":{"line":8,"column":52},"end":{"line":8,"column":54}}},"1":{"name":"(anonymous_1)","decl":{"start":{"line":11,"column":29},"end":{"line":11,"column":30}},"loc":{"start":{"line":11,"column":76},"end":{"line":38,"column":null}}},"2":{"name":"(anonymous_2)","decl":{"start":{"line":14,"column":14},"end":{"line":14,"column":20}},"loc":{"start":{"line":14,"column":20},"end":{"line":16,"column":7}}},"3":{"name":"(anonymous_3)","decl":{"start":{"line":18,"column":23},"end":{"line":18,"column":35}},"loc":{"start":{"line":18,"column":35},"end":{"line":28,"column":null}}}},"branchMap":{},"s":{"0":2,"1":2,"2":2,"3":2,"4":10,"5":10,"6":3,"7":10,"8":9,"9":9,"10":7,"11":7,"12":2,"13":10},"f":{"0":2,"1":10,"2":3,"3":9},"b":{}}
,"/home/tomas/todolist-app/src/main.tsx": {"path":"/home/tomas/todolist-app/src/main.tsx","statementMap":{"0":{"start":{"line":6,"column":0},"end":{"line":10,"column":null}}},"fnMap":{},"branchMap":{},"s":{"0":0},"f":{},"b":{}}
,"/home/tomas/todolist-app/src/test-utils.tsx": {"path":"/home/tomas/todolist-app/src/test-utils.tsx","statementMap":{"0":{"start":{"line":6,"column":24},"end":{"line":14,"column":null}},"1":{"start":{"line":7,"column":2},"end":{"line":12,"column":null}},"2":{"start":{"line":16,"column":21},"end":{"line":19,"column":null}},"3":{"start":{"line":19,"column":5},"end":{"line":19,"column":null}}},"fnMap":{"0":{"name":"(anonymous_0)","decl":{"start":{"line":6,"column":24},"end":{"line":6,"column":25}},"loc":{"start":{"line":6,"column":69},"end":{"line":14,"column":null}}},"1":{"name":"(anonymous_1)","decl":{"start":{"line":16,"column":21},"end":{"line":16,"column":null}},"loc":{"start":{"line":19,"column":5},"end":{"line":19,"column":null}}}},"branchMap":{},"s":{"0":0,"1":0,"2":0,"3":0},"f":{"0":0,"1":0},"b":{}}
,"/home/tomas/todolist-app/src/components/config.tsx": {"path":"/home/tomas/todolist-app/src/components/config.tsx","statementMap":{"0":{"start":{"line":8,"column":36},"end":{"line":8,"column":null}},"1":{"start":{"line":9,"column":17},"end":{"line":9,"column":null}},"2":{"start":{"line":11,"column":31},"end":{"line":15,"column":null}},"3":{"start":{"line":12,"column":8},"end":{"line":14,"column":null}},"4":{"start":{"line":13,"column":12},"end":{"line":13,"column":null}},"5":{"start":{"line":17,"column":30},"end":{"line":20,"column":null}},"6":{"start":{"line":18,"column":8},"end":{"line":18,"column":null}},"7":{"start":{"line":19,"column":8},"end":{"line":19,"column":null}},"8":{"start":{"line":23,"column":4},"end":{"line":25,"column":null}},"9":{"start":{"line":24,"column":8},"end":{"line":24,"column":null}},"10":{"start":{"line":24,"column":54},"end":{"line":24,"column":79}},"11":{"start":{"line":28,"column":4},"end":{"line":43,"column":null}},"12":{"start":{"line":30,"column":36},"end":{"line":30,"column":62}}},"fnMap":{"0":{"name":"Config","decl":{"start":{"line":4,"column":24},"end":{"line":4,"column":32}},"loc":{"start":{"line":7,"column":3},"end":{"line":45,"column":null}}},"1":{"name":"(anonymous_1)","decl":{"start":{"line":11,"column":31},"end":{"line":11,"column":32}},"loc":{"start":{"line":11,"column":47},"end":{"line":15,"column":null}}},"2":{"name":"(anonymous_2)","decl":{"start":{"line":17,"column":30},"end":{"line":17,"column":31}},"loc":{"start":{"line":17,"column":72},"end":{"line":20,"column":null}}},"3":{"name":"(anonymous_3)","decl":{"start":{"line":23,"column":14},"end":{"line":23,"column":20}},"loc":{"start":{"line":23,"column":20},"end":{"line":25,"column":7}}},"4":{"name":"(anonymous_4)","decl":{"start":{"line":24,"column":43},"end":{"line":24,"column":44}},"loc":{"start":{"line":24,"column":54},"end":{"line":24,"column":79}}},"5":{"name":"(anonymous_5)","decl":{"start":{"line":30,"column":25},"end":{"line":30,"column":26}},"loc":{"start":{"line":30,"column":36},"end":{"line":30,"column":62}}}},"branchMap":{"0":{"loc":{"start":{"line":12,"column":8},"end":{"line":14,"column":null}},"type":"if","locations":[{"start":{"line":12,"column":8},"end":{"line":14,"column":null}},{"start":{"line":12,"column":8},"end":{"line":14,"column":null}}]},"1":{"loc":{"start":{"line":12,"column":11},"end":{"line":12,"column":69}},"type":"binary-expr","locations":[{"start":{"line":12,"column":11},"end":{"line":12,"column":29}},{"start":{"line":12,"column":29},"end":{"line":12,"column":69}}]},"2":{"loc":{"start":{"line":37,"column":10},"end":{"line":41,"column":null}},"type":"binary-expr","locations":[{"start":{"line":37,"column":10},"end":{"line":37,"column":null}},{"start":{"line":38,"column":8},"end":{"line":41,"column":null}}]}},"s":{"0":93,"1":93,"2":93,"3":244,"4":4,"5":93,"6":12,"7":12,"8":93,"9":25,"10":244,"11":93,"12":12},"f":{"0":93,"1":244,"2":12,"3":25,"4":244,"5":12},"b":{"0":[4,240],"1":[244,14],"2":[93,19]}}
,"/home/tomas/todolist-app/src/components/header.tsx": {"path":"/home/tomas/todolist-app/src/components/header.tsx","statementMap":{"0":{"start":{"line":2,"column":4},"end":{"line":5,"column":null}}},"fnMap":{"0":{"name":"Header","decl":{"start":{"line":1,"column":24},"end":{"line":1,"column":33}},"loc":{"start":{"line":1,"column":33},"end":{"line":7,"column":null}}}},"branchMap":{},"s":{"0":1},"f":{"0":1},"b":{}}
,"/home/tomas/todolist-app/src/components/item-form.tsx": {"path":"/home/tomas/todolist-app/src/components/item-form.tsx","statementMap":{"0":{"start":{"line":15,"column":17},"end":{"line":15,"column":null}},"1":{"start":{"line":16,"column":42},"end":{"line":16,"column":null}},"2":{"start":{"line":17,"column":34},"end":{"line":17,"column":null}},"3":{"start":{"line":18,"column":17},"end":{"line":18,"column":null}},"4":{"start":{"line":20,"column":4},"end":{"line":37,"column":null}},"5":{"start":{"line":25,"column":109},"end":{"line":25,"column":142}},"6":{"start":{"line":29,"column":97},"end":{"line":29,"column":125}}},"fnMap":{"0":{"name":"ItemForm","decl":{"start":{"line":14,"column":24},"end":{"line":14,"column":33}},"loc":{"start":{"line":14,"column":55},"end":{"line":39,"column":null}}},"1":{"name":"(anonymous_1)","decl":{"start":{"line":25,"column":102},"end":{"line":25,"column":103}},"loc":{"start":{"line":25,"column":109},"end":{"line":25,"column":142}}},"2":{"name":"(anonymous_2)","decl":{"start":{"line":29,"column":90},"end":{"line":29,"column":91}},"loc":{"start":{"line":29,"column":97},"end":{"line":29,"column":125}}}},"branchMap":{},"s":{"0":43,"1":43,"2":43,"3":43,"4":43,"5":28,"6":5},"f":{"0":43,"1":28,"2":5},"b":{}}
,"/home/tomas/todolist-app/src/components/list-container.tsx": {"path":"/home/tomas/todolist-app/src/components/list-container.tsx","statementMap":{"0":{"start":{"line":7,"column":17},"end":{"line":7,"column":null}},"1":{"start":{"line":11,"column":44},"end":{"line":11,"column":null}},"2":{"start":{"line":12,"column":42},"end":{"line":12,"column":null}},"3":{"start":{"line":14,"column":18},"end":{"line":14,"column":null}},"4":{"start":{"line":15,"column":23},"end":{"line":15,"column":null}},"5":{"start":{"line":17,"column":4},"end":{"line":19,"column":null}},"6":{"start":{"line":18,"column":8},"end":{"line":18,"column":null}},"7":{"start":{"line":23,"column":8},"end":{"line":23,"column":null}},"8":{"start":{"line":25,"column":25},"end":{"line":25,"column":null}},"9":{"start":{"line":27,"column":26},"end":{"line":29,"column":null}},"10":{"start":{"line":30,"column":8},"end":{"line":34,"column":null}},"11":{"start":{"line":31,"column":12},"end":{"line":31,"column":null}},"12":{"start":{"line":33,"column":12},"end":{"line":33,"column":null}},"13":{"start":{"line":36,"column":8},"end":{"line":36,"column":null}},"14":{"start":{"line":37,"column":8},"end":{"line":37,"column":null}},"15":{"start":{"line":42,"column":8},"end":{"line":42,"column":null}},"16":{"start":{"line":44,"column":25},"end":{"line":44,"column":null}},"17":{"start":{"line":45,"column":19},"end":{"line":45,"column":null}},"18":{"start":{"line":47,"column":26},"end":{"line":49,"column":null}},"19":{"start":{"line":51,"column":8},"end":{"line":55,"column":null}},"20":{"start":{"line":52,"column":12},"end":{"line":52,"column":null}},"21":{"start":{"line":54,"column":12},"end":{"line":54,"column":null}},"22":{"start":{"line":57,"column":8},"end":{"line":57,"column":null}},"23":{"start":{"line":62,"column":8},"end":{"line":62,"column":null}},"24":{"start":{"line":63,"column":8},"end":{"line":63,"column":null}},"25":{"start":{"line":66,"column":4},"end":{"line":88,"column":null}},"26":{"start":{"line":69,"column":16},"end":{"line":78,"column":null}},"27":{"start":{"line":77,"column":36},"end":{"line":77,"column":null}},"28":{"start":{"line":83,"column":43},"end":{"line":83,"column":75}},"29":{"start":{"line":86,"column":39},"end":{"line":86,"column":71}}},"fnMap":{"0":{"name":"ListContainer","decl":{"start":{"line":10,"column":24},"end":{"line":10,"column":40}},"loc":{"start":{"line":10,"column":40},"end":{"line":91,"column":null}}},"1":{"name":"(anonymous_1)","decl":{"start":{"line":17,"column":14},"end":{"line":17,"column":20}},"loc":{"start":{"line":17,"column":20},"end":{"line":19,"column":7}}},"2":{"name":"handleCreateList","decl":{"start":{"line":22,"column":19},"end":{"line":22,"column":36}},"loc":{"start":{"line":22,"column":48},"end":{"line":38,"column":null}}},"3":{"name":"handleUpdateList","decl":{"start":{"line":41,"column":19},"end":{"line":41,"column":36}},"loc":{"start":{"line":41,"column":71},"end":{"line":58,"column":null}}},"4":{"name":"handleDeleteList","decl":{"start":{"line":61,"column":19},"end":{"line":61,"column":36}},"loc":{"start":{"line":61,"column":52},"end":{"line":64,"column":null}}},"5":{"name":"(anonymous_5)","decl":{"start":{"line":68,"column":24},"end":{"line":68,"column":32}},"loc":{"start":{"line":68,"column":32},"end":{"line":79,"column":13}}},"6":{"name":"(anonymous_6)","decl":{"start":{"line":77,"column":30},"end":{"line":77,"column":36}},"loc":{"start":{"line":77,"column":36},"end":{"line":77,"column":null}}},"7":{"name":"(anonymous_7)","decl":{"start":{"line":83,"column":37},"end":{"line":83,"column":43}},"loc":{"start":{"line":83,"column":43},"end":{"line":83,"column":75}}},"8":{"name":"(anonymous_8)","decl":{"start":{"line":86,"column":33},"end":{"line":86,"column":39}},"loc":{"start":{"line":86,"column":39},"end":{"line":86,"column":71}}}},"branchMap":{"0":{"loc":{"start":{"line":80,"column":13},"end":{"line":86,"column":null}},"type":"cond-expr","locations":[{"start":{"line":81,"column":16},"end":{"line":84,"column":null}},{"start":{"line":86,"column":16},"end":{"line":86,"column":null}}]}},"s":{"0":2,"1":19,"2":18,"3":18,"4":18,"5":18,"6":8,"7":2,"8":2,"9":2,"10":2,"11":2,"12":0,"13":2,"14":2,"15":1,"16":1,"17":1,"18":1,"19":1,"20":1,"21":0,"22":1,"23":0,"24":0,"25":18,"26":11,"27":0,"28":0,"29":3},"f":{"0":19,"1":8,"2":2,"3":1,"4":0,"5":11,"6":0,"7":0,"8":3},"b":{"0":[3,15]}}
,"/home/tomas/todolist-app/src/components/list-form.tsx": {"path":"/home/tomas/todolist-app/src/components/list-form.tsx","statementMap":{"0":{"start":{"line":13,"column":17},"end":{"line":13,"column":null}},"1":{"start":{"line":14,"column":17},"end":{"line":14,"column":null}},"2":{"start":{"line":15,"column":30},"end":{"line":15,"column":null}},"3":{"start":{"line":17,"column":4},"end":{"line":23,"column":null}},"4":{"start":{"line":20,"column":86},"end":{"line":20,"column":112}}},"fnMap":{"0":{"name":"ListForm","decl":{"start":{"line":11,"column":24},"end":{"line":11,"column":33}},"loc":{"start":{"line":11,"column":55},"end":{"line":25,"column":null}}},"1":{"name":"(anonymous_1)","decl":{"start":{"line":20,"column":79},"end":{"line":20,"column":80}},"loc":{"start":{"line":20,"column":86},"end":{"line":20,"column":112}}}},"branchMap":{},"s":{"0":16,"1":16,"2":16,"3":16,"4":9},"f":{"0":16,"1":9},"b":{}}
,"/home/tomas/todolist-app/src/components/list-item.tsx": {"path":"/home/tomas/todolist-app/src/components/list-item.tsx","statementMap":{"0":{"start":{"line":18,"column":17},"end":{"line":18,"column":null}},"1":{"start":{"line":19,"column":36},"end":{"line":19,"column":null}},"2":{"start":{"line":23,"column":8},"end":{"line":23,"column":null}},"3":{"start":{"line":24,"column":8},"end":{"line":24,"column":null}},"4":{"start":{"line":29,"column":4},"end":{"line":43,"column":null}},"5":{"start":{"line":31,"column":34},"end":{"line":31,"column":58}},"6":{"start":{"line":35,"column":39},"end":{"line":35,"column":63}}},"fnMap":{"0":{"name":"ListItem","decl":{"start":{"line":16,"column":24},"end":{"line":16,"column":34}},"loc":{"start":{"line":16,"column":56},"end":{"line":45,"column":null}}},"1":{"name":"handleUpdateItem","decl":{"start":{"line":22,"column":19},"end":{"line":22,"column":36}},"loc":{"start":{"line":22,"column":71},"end":{"line":25,"column":null}}},"2":{"name":"(anonymous_2)","decl":{"start":{"line":31,"column":28},"end":{"line":31,"column":34}},"loc":{"start":{"line":31,"column":34},"end":{"line":31,"column":58}}},"3":{"name":"(anonymous_3)","decl":{"start":{"line":35,"column":33},"end":{"line":35,"column":39}},"loc":{"start":{"line":35,"column":39},"end":{"line":35,"column":63}}}},"branchMap":{"0":{"loc":{"start":{"line":32,"column":13},"end":{"line":41,"column":null}},"type":"cond-expr","locations":[{"start":{"line":33,"column":16},"end":{"line":36,"column":null}},{"start":{"line":38,"column":16},"end":{"line":41,"column":null}}]}},"s":{"0":17,"1":17,"2":1,"3":1,"4":17,"5":5,"6":1},"f":{"0":17,"1":1,"2":5,"3":1},"b":{"0":[4,13]}}
,"/home/tomas/todolist-app/src/components/list.tsx": {"path":"/home/tomas/todolist-app/src/components/list.tsx","statementMap":{"0":{"start":{"line":9,"column":17},"end":{"line":9,"column":null}},"1":{"start":{"line":24,"column":17},"end":{"line":24,"column":null}},"2":{"start":{"line":26,"column":36},"end":{"line":26,"column":null}},"3":{"start":{"line":27,"column":44},"end":{"line":27,"column":null}},"4":{"start":{"line":28,"column":32},"end":{"line":28,"column":null}},"5":{"start":{"line":29,"column":42},"end":{"line":29,"column":null}},"6":{"start":{"line":31,"column":18},"end":{"line":31,"column":null}},"7":{"start":{"line":32,"column":23},"end":{"line":32,"column":null}},"8":{"start":{"line":34,"column":4},"end":{"line":36,"column":null}},"9":{"start":{"line":35,"column":8},"end":{"line":35,"column":null}},"10":{"start":{"line":39,"column":8},"end":{"line":39,"column":null}},"11":{"start":{"line":40,"column":8},"end":{"line":40,"column":null}},"12":{"start":{"line":45,"column":8},"end":{"line":45,"column":null}},"13":{"start":{"line":46,"column":25},"end":{"line":46,"column":null}},"14":{"start":{"line":47,"column":29},"end":{"line":47,"column":null}},"15":{"start":{"line":48,"column":25},"end":{"line":48,"column":null}},"16":{"start":{"line":50,"column":21},"end":{"line":54,"column":null}},"17":{"start":{"line":56,"column":8},"end":{"line":61,"column":null}},"18":{"start":{"line":57,"column":12},"end":{"line":57,"column":null}},"19":{"start":{"line":60,"column":12},"end":{"line":60,"column":null}},"20":{"start":{"line":63,"column":8},"end":{"line":63,"column":null}},"21":{"start":{"line":64,"column":8},"end":{"line":64,"column":null}},"22":{"start":{"line":69,"column":8},"end":{"line":69,"column":null}},"23":{"start":{"line":71,"column":25},"end":{"line":71,"column":null}},"24":{"start":{"line":73,"column":26},"end":{"line":78,"column":null}},"25":{"start":{"line":80,"column":8},"end":{"line":84,"column":null}},"26":{"start":{"line":81,"column":12},"end":{"line":81,"column":null}},"27":{"start":{"line":83,"column":12},"end":{"line":83,"column":null}},"28":{"start":{"line":86,"column":8},"end":{"line":86,"column":null}},"29":{"start":{"line":87,"column":8},"end":{"line":87,"column":null}},"30":{"start":{"line":93,"column":8},"end":{"line":97,"column":null}},"31":{"start":{"line":94,"column":12},"end":{"line":94,"column":null}},"32":{"start":{"line":96,"column":12},"end":{"line":96,"column":null}},"33":{"start":{"line":99,"column":8},"end":{"line":99,"column":null}},"34":{"start":{"line":102,"column":4},"end":{"line":138,"column":null}},"35":{"start":{"line":104,"column":34},"end":{"line":104,"column":58}},"36":{"start":{"line":108,"column":35},"end":{"line":108,"column":59}},"37":{"start":{"line":111,"column":31},"end":{"line":111,"column":52}},"38":{"start":{"line":113,"column":45},"end":{"line":113,"column":72}},"39":{"start":{"line":115,"column":16},"end":{"line":126,"column":null}},"40":{"start":{"line":124,"column":36},"end":{"line":124,"column":null}},"41":{"start":{"line":133,"column":35},"end":{"line":133,"column":67}},"42":{"start":{"line":136,"column":35},"end":{"line":136,"column":67}}},"fnMap":{"0":{"name":"List","decl":{"start":{"line":22,"column":24},"end":{"line":22,"column":30}},"loc":{"start":{"line":22,"column":48},"end":{"line":141,"column":null}}},"1":{"name":"(anonymous_1)","decl":{"start":{"line":34,"column":14},"end":{"line":34,"column":20}},"loc":{"start":{"line":34,"column":20},"end":{"line":36,"column":7}}},"2":{"name":"handleUpdateList","decl":{"start":{"line":38,"column":19},"end":{"line":38,"column":36}},"loc":{"start":{"line":38,"column":48},"end":{"line":41,"column":null}}},"3":{"name":"handleCreateItem","decl":{"start":{"line":44,"column":19},"end":{"line":44,"column":36}},"loc":{"start":{"line":44,"column":67},"end":{"line":65,"column":null}}},"4":{"name":"handleUpdateItem","decl":{"start":{"line":68,"column":19},"end":{"line":68,"column":36}},"loc":{"start":{"line":68,"column":71},"end":{"line":89,"column":null}}},"5":{"name":"handleDeleteItem","decl":{"start":{"line":92,"column":19},"end":{"line":92,"column":36}},"loc":{"start":{"line":92,"column":48},"end":{"line":100,"column":null}}},"6":{"name":"(anonymous_6)","decl":{"start":{"line":104,"column":28},"end":{"line":104,"column":34}},"loc":{"start":{"line":104,"column":34},"end":{"line":104,"column":58}}},"7":{"name":"(anonymous_7)","decl":{"start":{"line":108,"column":29},"end":{"line":108,"column":35}},"loc":{"start":{"line":108,"column":35},"end":{"line":108,"column":59}}},"8":{"name":"(anonymous_8)","decl":{"start":{"line":111,"column":25},"end":{"line":111,"column":31}},"loc":{"start":{"line":111,"column":31},"end":{"line":111,"column":52}}},"9":{"name":"(anonymous_9)","decl":{"start":{"line":113,"column":37},"end":{"line":113,"column":45}},"loc":{"start":{"line":113,"column":45},"end":{"line":113,"column":72}}},"10":{"name":"(anonymous_10)","decl":{"start":{"line":114,"column":17},"end":{"line":114,"column":18}},"loc":{"start":{"line":114,"column":27},"end":{"line":128,"column":13}}},"11":{"name":"(anonymous_11)","decl":{"start":{"line":124,"column":30},"end":{"line":124,"column":36}},"loc":{"start":{"line":124,"column":36},"end":{"line":124,"column":null}}},"12":{"name":"(anonymous_12)","decl":{"start":{"line":133,"column":29},"end":{"line":133,"column":35}},"loc":{"start":{"line":133,"column":35},"end":{"line":133,"column":67}}},"13":{"name":"(anonymous_13)","decl":{"start":{"line":136,"column":29},"end":{"line":136,"column":35}},"loc":{"start":{"line":136,"column":35},"end":{"line":136,"column":67}}}},"branchMap":{"0":{"loc":{"start":{"line":105,"column":14},"end":{"line":111,"column":null}},"type":"cond-expr","locations":[{"start":{"line":106,"column":12},"end":{"line":109,"column":null}},{"start":{"line":111,"column":12},"end":{"line":111,"column":null}}]},"1":{"loc":{"start":{"line":113,"column":13},"end":{"line":128,"column":null}},"type":"binary-expr","locations":[{"start":{"line":113,"column":13},"end":{"line":113,"column":23}},{"start":{"line":113,"column":23},"end":{"line":128,"column":null}}]},"2":{"loc":{"start":{"line":130,"column":13},"end":{"line":136,"column":null}},"type":"binary-expr","locations":[{"start":{"line":130,"column":13},"end":{"line":130,"column":24}},{"start":{"line":130,"column":24},"end":{"line":136,"column":null}}]},"3":{"loc":{"start":{"line":130,"column":24},"end":{"line":136,"column":null}},"type":"cond-expr","locations":[{"start":{"line":131,"column":12},"end":{"line":134,"column":null}},{"start":{"line":136,"column":12},"end":{"line":136,"column":null}}]}},"s":{"0":3,"1":56,"2":55,"3":55,"4":55,"5":55,"6":55,"7":55,"8":55,"9":17,"10":1,"11":1,"12":3,"13":3,"14":3,"15":3,"16":3,"17":3,"18":3,"19":0,"20":3,"21":3,"22":1,"23":1,"24":1,"25":1,"26":1,"27":0,"28":1,"29":1,"30":1,"31":1,"32":0,"33":1,"34":55,"35":2,"36":0,"37":7,"38":18,"39":6,"40":1,"41":0,"42":4},"f":{"0":56,"1":17,"2":1,"3":3,"4":1,"5":1,"6":2,"7":0,"8":7,"9":18,"10":6,"11":1,"12":0,"13":4},"b":{"0":[2,53],"1":[55,20],"2":[55,20],"3":[4,16]}}
,"/home/tomas/todolist-app/src/mocks/handlers.ts": {"path":"/home/tomas/todolist-app/src/mocks/handlers.ts","statementMap":{"0":{"start":{"line":4,"column":18},"end":{"line":4,"column":null}},"1":{"start":{"line":5,"column":18},"end":{"line":5,"column":null}},"2":{"start":{"line":7,"column":17},"end":{"line":7,"column":null}},"3":{"start":{"line":8,"column":17},"end":{"line":8,"column":null}},"4":{"start":{"line":10,"column":24},"end":{"line":111,"column":null}},"5":{"start":{"line":13,"column":8},"end":{"line":13,"column":null}},"6":{"start":{"line":18,"column":34},"end":{"line":18,"column":null}},"7":{"start":{"line":19,"column":8},"end":{"line":19,"column":null}},"8":{"start":{"line":21,"column":8},"end":{"line":21,"column":null}},"9":{"start":{"line":23,"column":8},"end":{"line":23,"column":null}},"10":{"start":{"line":28,"column":23},"end":{"line":28,"column":null}},"11":{"start":{"line":29,"column":34},"end":{"line":29,"column":null}},"12":{"start":{"line":31,"column":8},"end":{"line":31,"column":null}},"13":{"start":{"line":33,"column":8},"end":{"line":33,"column":null}},"14":{"start":{"line":40,"column":23},"end":{"line":40,"column":null}},"15":{"start":{"line":42,"column":28},"end":{"line":42,"column":null}},"16":{"start":{"line":44,"column":8},"end":{"line":46,"column":null}},"17":{"start":{"line":45,"column":12},"end":{"line":45,"column":null}},"18":{"start":{"line":48,"column":8},"end":{"line":48,"column":null}},"19":{"start":{"line":50,"column":8},"end":{"line":50,"column":null}},"20":{"start":{"line":54,"column":8},"end":{"line":54,"column":null}},"21":{"start":{"line":62,"column":8},"end":{"line":62,"column":null}},"22":{"start":{"line":67,"column":34},"end":{"line":67,"column":null}},"23":{"start":{"line":68,"column":8},"end":{"line":68,"column":null}},"24":{"start":{"line":70,"column":8},"end":{"line":70,"column":null}},"25":{"start":{"line":71,"column":8},"end":{"line":71,"column":null}},"26":{"start":{"line":73,"column":8},"end":{"line":73,"column":null}},"27":{"start":{"line":79,"column":23},"end":{"line":79,"column":null}},"28":{"start":{"line":80,"column":8},"end":{"line":80,"column":null}},"29":{"start":{"line":81,"column":34},"end":{"line":81,"column":null}},"30":{"start":{"line":83,"column":8},"end":{"line":83,"column":null}},"31":{"start":{"line":85,"column":8},"end":{"line":85,"column":null}},"32":{"start":{"line":90,"column":23},"end":{"line":90,"column":null}},"33":{"start":{"line":93,"column":28},"end":{"line":93,"column":null}},"34":{"start":{"line":95,"column":8},"end":{"line":97,"column":null}},"35":{"start":{"line":96,"column":12},"end":{"line":96,"column":null}},"36":{"start":{"line":99,"column":8},"end":{"line":99,"column":null}},"37":{"start":{"line":101,"column":8},"end":{"line":101,"column":null}},"38":{"start":{"line":105,"column":8},"end":{"line":105,"column":null}},"39":{"start":{"line":109,"column":8},"end":{"line":109,"column":null}}},"fnMap":{"0":{"name":"(anonymous_0)","decl":{"start":{"line":11,"column":24},"end":{"line":11,"column":30}},"loc":{"start":{"line":11,"column":30},"end":{"line":14,"column":5}}},"1":{"name":"(anonymous_1)","decl":{"start":{"line":16,"column":25},"end":{"line":16,"column":32}},"loc":{"start":{"line":16,"column":48},"end":{"line":24,"column":5}}},"2":{"name":"(anonymous_2)","decl":{"start":{"line":26,"column":33},"end":{"line":26,"column":40}},"loc":{"start":{"line":26,"column":64},"end":{"line":34,"column":5}}},"3":{"name":"(anonymous_3)","decl":{"start":{"line":38,"column":35},"end":{"line":38,"column":36}},"loc":{"start":{"line":38,"column":51},"end":{"line":51,"column":5}}},"4":{"name":"(anonymous_4)","decl":{"start":{"line":53,"column":28},"end":{"line":53,"column":34}},"loc":{"start":{"line":53,"column":34},"end":{"line":55,"column":5}}},"5":{"name":"(anonymous_5)","decl":{"start":{"line":61,"column":24},"end":{"line":61,"column":30}},"loc":{"start":{"line":61,"column":30},"end":{"line":63,"column":5}}},"6":{"name":"(anonymous_6)","decl":{"start":{"line":65,"column":25},"end":{"line":65,"column":32}},"loc":{"start":{"line":65,"column":48},"end":{"line":74,"column":5}}},"7":{"name":"(anonymous_7)","decl":{"start":{"line":77,"column":33},"end":{"line":77,"column":40}},"loc":{"start":{"line":77,"column":64},"end":{"line":86,"column":5}}},"8":{"name":"(anonymous_8)","decl":{"start":{"line":88,"column":36},"end":{"line":88,"column":37}},"loc":{"start":{"line":88,"column":52},"end":{"line":102,"column":5}}},"9":{"name":"(anonymous_9)","decl":{"start":{"line":104,"column":28},"end":{"line":104,"column":34}},"loc":{"start":{"line":104,"column":34},"end":{"line":106,"column":5}}},"10":{"name":"(anonymous_10)","decl":{"start":{"line":108,"column":37},"end":{"line":108,"column":43}},"loc":{"start":{"line":108,"column":43},"end":{"line":110,"column":5}}}},"branchMap":{"0":{"loc":{"start":{"line":44,"column":8},"end":{"line":46,"column":null}},"type":"if","locations":[{"start":{"line":44,"column":8},"end":{"line":46,"column":null}},{"start":{"line":44,"column":8},"end":{"line":46,"column":null}}]},"1":{"loc":{"start":{"line":95,"column":8},"end":{"line":97,"column":null}},"type":"if","locations":[{"start":{"line":95,"column":8},"end":{"line":97,"column":null}},{"start":{"line":95,"column":8},"end":{"line":97,"column":null}}]}},"s":{"0":7,"1":7,"2":7,"3":7,"4":7,"5":7,"6":2,"7":2,"8":2,"9":2,"10":1,"11":1,"12":1,"13":1,"14":0,"15":0,"16":0,"17":0,"18":0,"19":0,"20":0,"21":19,"22":3,"23":3,"24":3,"25":3,"26":3,"27":1,"28":1,"29":1,"30":1,"31":1,"32":1,"33":1,"34":1,"35":0,"36":1,"37":1,"38":0,"39":0},"f":{"0":7,"1":2,"2":1,"3":0,"4":0,"5":19,"6":3,"7":1,"8":1,"9":0,"10":0},"b":{"0":[0,0],"1":[0,1]}}
,"/home/tomas/todolist-app/src/mocks/node.ts": {"path":"/home/tomas/todolist-app/src/mocks/node.ts","statementMap":{"0":{"start":{"line":4,"column":22},"end":{"line":4,"column":null}}},"fnMap":{},"branchMap":{},"s":{"0":7},"f":{},"b":{}}
}
