{"/home/tomas/web-projects/proyectos-react/todolist-app/src/App.tsx": {"path":"/home/tomas/web-projects/proyectos-react/todolist-app/src/App.tsx","statementMap":{"0":{"start":{"line":8,"column":4},"end":{"line":16,"column":null}}},"fnMap":{"0":{"name":"App","decl":{"start":{"line":6,"column":24},"end":{"line":6,"column":30}},"loc":{"start":{"line":6,"column":30},"end":{"line":18,"column":null}}}},"branchMap":{},"s":{"0":1},"f":{"0":1},"b":{}}
,"/home/tomas/web-projects/proyectos-react/todolist-app/src/item-context.tsx": {"path":"/home/tomas/web-projects/proyectos-react/todolist-app/src/item-context.tsx","statementMap":{"0":{"start":{"line":17,"column":21},"end":{"line":32,"column":null}},"1":{"start":{"line":36,"column":4},"end":{"line":59,"column":null}},"2":{"start":{"line":38,"column":12},"end":{"line":38,"column":null}},"3":{"start":{"line":41,"column":12},"end":{"line":51,"column":null}},"4":{"start":{"line":42,"column":16},"end":{"line":49,"column":null}},"5":{"start":{"line":43,"column":20},"end":{"line":48,"column":null}},"6":{"start":{"line":50,"column":16},"end":{"line":50,"column":null}},"7":{"start":{"line":54,"column":12},"end":{"line":54,"column":null}},"8":{"start":{"line":54,"column":40},"end":{"line":54,"column":66}},"9":{"start":{"line":57,"column":12},"end":{"line":57,"column":null}},"10":{"start":{"line":63,"column":28},"end":{"line":63,"column":null}},"11":{"start":{"line":64,"column":36},"end":{"line":64,"column":null}},"12":{"start":{"line":67,"column":29},"end":{"line":77,"column":null}},"13":{"start":{"line":68,"column":35},"end":{"line":68,"column":null}},"14":{"start":{"line":70,"column":4},"end":{"line":75,"column":null}}},"fnMap":{"0":{"name":"itemsReducer","decl":{"start":{"line":35,"column":9},"end":{"line":35,"column":22}},"loc":{"start":{"line":35,"column":58},"end":{"line":60,"column":null}}},"1":{"name":"(anonymous_1)","decl":{"start":{"line":41,"column":29},"end":{"line":41,"column":37}},"loc":{"start":{"line":41,"column":37},"end":{"line":51,"column":13}}},"2":{"name":"(anonymous_2)","decl":{"start":{"line":54,"column":32},"end":{"line":54,"column":40}},"loc":{"start":{"line":54,"column":40},"end":{"line":54,"column":66}}},"3":{"name":"(anonymous_3)","decl":{"start":{"line":67,"column":29},"end":{"line":67,"column":30}},"loc":{"start":{"line":67,"column":76},"end":{"line":77,"column":null}}}},"branchMap":{"0":{"loc":{"start":{"line":36,"column":4},"end":{"line":59,"column":null}},"type":"switch","locations":[{"start":{"line":37,"column":8},"end":{"line":39,"column":null}},{"start":{"line":40,"column":8},"end":{"line":52,"column":null}},{"start":{"line":53,"column":8},"end":{"line":55,"column":null}},{"start":{"line":56,"column":8},"end":{"line":58,"column":null}}]},"1":{"loc":{"start":{"line":42,"column":16},"end":{"line":49,"column":null}},"type":"if","locations":[{"start":{"line":42,"column":16},"end":{"line":49,"column":null}},{"start":{"line":42,"column":16},"end":{"line":49,"column":null}}]}},"s":{"0":3,"1":1,"2":1,"3":0,"4":0,"5":0,"6":0,"7":0,"8":0,"9":0,"10":3,"11":3,"12":3,"13":6,"14":6},"f":{"0":1,"1":0,"2":0,"3":6},"b":{"0":[1,0,0,0],"1":[0,0]}}
,"/home/tomas/web-projects/proyectos-react/todolist-app/src/list-context.tsx": {"path":"/home/tomas/web-projects/proyectos-react/todolist-app/src/list-context.tsx","statementMap":{"0":{"start":{"line":15,"column":4},"end":{"line":37,"column":null}},"1":{"start":{"line":17,"column":12},"end":{"line":17,"column":null}},"2":{"start":{"line":21,"column":12},"end":{"line":29,"column":null}},"3":{"start":{"line":22,"column":16},"end":{"line":27,"column":null}},"4":{"start":{"line":23,"column":20},"end":{"line":26,"column":null}},"5":{"start":{"line":28,"column":16},"end":{"line":28,"column":null}},"6":{"start":{"line":32,"column":12},"end":{"line":32,"column":null}},"7":{"start":{"line":32,"column":40},"end":{"line":32,"column":66}},"8":{"start":{"line":35,"column":12},"end":{"line":35,"column":null}},"9":{"start":{"line":41,"column":21},"end":{"line":55,"column":null}},"10":{"start":{"line":57,"column":28},"end":{"line":57,"column":null}},"11":{"start":{"line":58,"column":36},"end":{"line":58,"column":null}},"12":{"start":{"line":61,"column":29},"end":{"line":71,"column":null}},"13":{"start":{"line":62,"column":35},"end":{"line":62,"column":null}},"14":{"start":{"line":64,"column":4},"end":{"line":69,"column":null}}},"fnMap":{"0":{"name":"listsReducer","decl":{"start":{"line":14,"column":9},"end":{"line":14,"column":22}},"loc":{"start":{"line":14,"column":58},"end":{"line":38,"column":null}}},"1":{"name":"(anonymous_1)","decl":{"start":{"line":21,"column":29},"end":{"line":21,"column":37}},"loc":{"start":{"line":21,"column":37},"end":{"line":29,"column":13}}},"2":{"name":"(anonymous_2)","decl":{"start":{"line":32,"column":32},"end":{"line":32,"column":40}},"loc":{"start":{"line":32,"column":40},"end":{"line":32,"column":66}}},"3":{"name":"(anonymous_3)","decl":{"start":{"line":61,"column":29},"end":{"line":61,"column":30}},"loc":{"start":{"line":61,"column":76},"end":{"line":71,"column":null}}}},"branchMap":{"0":{"loc":{"start":{"line":15,"column":4},"end":{"line":37,"column":null}},"type":"switch","locations":[{"start":{"line":16,"column":8},"end":{"line":18,"column":null}},{"start":{"line":19,"column":8},"end":{"line":30,"column":null}},{"start":{"line":31,"column":8},"end":{"line":33,"column":null}},{"start":{"line":34,"column":8},"end":{"line":36,"column":null}}]},"1":{"loc":{"start":{"line":22,"column":16},"end":{"line":27,"column":null}},"type":"if","locations":[{"start":{"line":22,"column":16},"end":{"line":27,"column":null}},{"start":{"line":22,"column":16},"end":{"line":27,"column":null}}]}},"s":{"0":0,"1":0,"2":0,"3":0,"4":0,"5":0,"6":0,"7":0,"8":0,"9":2,"10":2,"11":2,"12":2,"13":1,"14":1},"f":{"0":0,"1":0,"2":0,"3":1},"b":{"0":[0,0,0,0],"1":[0,0]}}
,"/home/tomas/web-projects/proyectos-react/todolist-app/src/main.tsx": {"path":"/home/tomas/web-projects/proyectos-react/todolist-app/src/main.tsx","statementMap":{"0":{"start":{"line":6,"column":0},"end":{"line":10,"column":null}}},"fnMap":{},"branchMap":{},"s":{"0":0},"f":{},"b":{}}
,"/home/tomas/web-projects/proyectos-react/todolist-app/src/test-utils.tsx": {"path":"/home/tomas/web-projects/proyectos-react/todolist-app/src/test-utils.tsx","statementMap":{"0":{"start":{"line":6,"column":24},"end":{"line":14,"column":null}},"1":{"start":{"line":7,"column":2},"end":{"line":12,"column":null}},"2":{"start":{"line":16,"column":21},"end":{"line":19,"column":null}},"3":{"start":{"line":19,"column":5},"end":{"line":19,"column":null}}},"fnMap":{"0":{"name":"(anonymous_0)","decl":{"start":{"line":6,"column":24},"end":{"line":6,"column":25}},"loc":{"start":{"line":6,"column":69},"end":{"line":14,"column":null}}},"1":{"name":"(anonymous_1)","decl":{"start":{"line":16,"column":21},"end":{"line":16,"column":null}},"loc":{"start":{"line":19,"column":5},"end":{"line":19,"column":null}}}},"branchMap":{},"s":{"0":0,"1":0,"2":0,"3":0},"f":{"0":0,"1":0},"b":{}}
,"/home/tomas/web-projects/proyectos-react/todolist-app/src/components/config.tsx": {"path":"/home/tomas/web-projects/proyectos-react/todolist-app/src/components/config.tsx","statementMap":{"0":{"start":{"line":8,"column":36},"end":{"line":8,"column":null}},"1":{"start":{"line":9,"column":17},"end":{"line":9,"column":null}},"2":{"start":{"line":11,"column":31},"end":{"line":15,"column":null}},"3":{"start":{"line":12,"column":8},"end":{"line":14,"column":null}},"4":{"start":{"line":13,"column":12},"end":{"line":13,"column":null}},"5":{"start":{"line":17,"column":30},"end":{"line":20,"column":null}},"6":{"start":{"line":18,"column":8},"end":{"line":18,"column":null}},"7":{"start":{"line":19,"column":8},"end":{"line":19,"column":null}},"8":{"start":{"line":23,"column":4},"end":{"line":25,"column":null}},"9":{"start":{"line":24,"column":8},"end":{"line":24,"column":null}},"10":{"start":{"line":24,"column":54},"end":{"line":24,"column":79}},"11":{"start":{"line":28,"column":4},"end":{"line":43,"column":null}},"12":{"start":{"line":30,"column":36},"end":{"line":30,"column":62}}},"fnMap":{"0":{"name":"Config","decl":{"start":{"line":4,"column":24},"end":{"line":4,"column":32}},"loc":{"start":{"line":7,"column":3},"end":{"line":45,"column":null}}},"1":{"name":"(anonymous_1)","decl":{"start":{"line":11,"column":31},"end":{"line":11,"column":32}},"loc":{"start":{"line":11,"column":47},"end":{"line":15,"column":null}}},"2":{"name":"(anonymous_2)","decl":{"start":{"line":17,"column":30},"end":{"line":17,"column":31}},"loc":{"start":{"line":17,"column":72},"end":{"line":20,"column":null}}},"3":{"name":"(anonymous_3)","decl":{"start":{"line":23,"column":14},"end":{"line":23,"column":20}},"loc":{"start":{"line":23,"column":20},"end":{"line":25,"column":7}}},"4":{"name":"(anonymous_4)","decl":{"start":{"line":24,"column":43},"end":{"line":24,"column":44}},"loc":{"start":{"line":24,"column":54},"end":{"line":24,"column":79}}},"5":{"name":"(anonymous_5)","decl":{"start":{"line":30,"column":25},"end":{"line":30,"column":26}},"loc":{"start":{"line":30,"column":36},"end":{"line":30,"column":62}}}},"branchMap":{"0":{"loc":{"start":{"line":12,"column":8},"end":{"line":14,"column":null}},"type":"if","locations":[{"start":{"line":12,"column":8},"end":{"line":14,"column":null}},{"start":{"line":12,"column":8},"end":{"line":14,"column":null}}]},"1":{"loc":{"start":{"line":12,"column":11},"end":{"line":12,"column":69}},"type":"binary-expr","locations":[{"start":{"line":12,"column":11},"end":{"line":12,"column":29}},{"start":{"line":12,"column":29},"end":{"line":12,"column":69}}]},"2":{"loc":{"start":{"line":37,"column":10},"end":{"line":41,"column":null}},"type":"binary-expr","locations":[{"start":{"line":37,"column":10},"end":{"line":37,"column":null}},{"start":{"line":38,"column":8},"end":{"line":41,"column":null}}]}},"s":{"0":56,"1":56,"2":56,"3":154,"4":3,"5":56,"6":10,"7":10,"8":56,"9":27,"10":154,"11":56,"12":10},"f":{"0":56,"1":154,"2":10,"3":27,"4":154,"5":10},"b":{"0":[3,151],"1":[154,11],"2":[56,15]}}
,"/home/tomas/web-projects/proyectos-react/todolist-app/src/components/header.tsx": {"path":"/home/tomas/web-projects/proyectos-react/todolist-app/src/components/header.tsx","statementMap":{"0":{"start":{"line":2,"column":4},"end":{"line":5,"column":null}}},"fnMap":{"0":{"name":"Header","decl":{"start":{"line":1,"column":24},"end":{"line":1,"column":33}},"loc":{"start":{"line":1,"column":33},"end":{"line":7,"column":null}}}},"branchMap":{},"s":{"0":1},"f":{"0":1},"b":{}}
,"/home/tomas/web-projects/proyectos-react/todolist-app/src/components/item-form.tsx": {"path":"/home/tomas/web-projects/proyectos-react/todolist-app/src/components/item-form.tsx","statementMap":{"0":{"start":{"line":15,"column":36},"end":{"line":15,"column":null}},"1":{"start":{"line":17,"column":25},"end":{"line":25,"column":null}},"2":{"start":{"line":18,"column":8},"end":{"line":18,"column":null}},"3":{"start":{"line":19,"column":8},"end":{"line":24,"column":null}},"4":{"start":{"line":20,"column":12},"end":{"line":23,"column":null}},"5":{"start":{"line":27,"column":4},"end":{"line":45,"column":null}},"6":{"start":{"line":32,"column":99},"end":{"line":32,"column":116}},"7":{"start":{"line":36,"column":118},"end":{"line":36,"column":134}}},"fnMap":{"0":{"name":"ItemForm","decl":{"start":{"line":10,"column":24},"end":{"line":10,"column":33}},"loc":{"start":{"line":13,"column":3},"end":{"line":48,"column":null}}},"1":{"name":"(anonymous_1)","decl":{"start":{"line":17,"column":25},"end":{"line":17,"column":26}},"loc":{"start":{"line":17,"column":37},"end":{"line":25,"column":null}}},"2":{"name":"(anonymous_2)","decl":{"start":{"line":32,"column":92},"end":{"line":32,"column":93}},"loc":{"start":{"line":32,"column":99},"end":{"line":32,"column":116}}},"3":{"name":"(anonymous_3)","decl":{"start":{"line":36,"column":111},"end":{"line":36,"column":112}},"loc":{"start":{"line":36,"column":118},"end":{"line":36,"column":134}}}},"branchMap":{"0":{"loc":{"start":{"line":15,"column":46},"end":{"line":15,"column":122}},"type":"cond-expr","locations":[{"start":{"line":15,"column":59},"end":{"line":15,"column":72}},{"start":{"line":15,"column":72},"end":{"line":15,"column":122}}]},"1":{"loc":{"start":{"line":19,"column":8},"end":{"line":24,"column":null}},"type":"if","locations":[{"start":{"line":19,"column":8},"end":{"line":24,"column":null}},{"start":{"line":19,"column":8},"end":{"line":24,"column":null}}]}},"s":{"0":23,"1":23,"2":15,"3":15,"4":15,"5":23,"6":6,"7":9},"f":{"0":23,"1":15,"2":6,"3":9},"b":{"0":[4,19],"1":[15,0]}}
,"/home/tomas/web-projects/proyectos-react/todolist-app/src/components/list-container.tsx": {"path":"/home/tomas/web-projects/proyectos-react/todolist-app/src/components/list-container.tsx","statementMap":{"0":{"start":{"line":7,"column":44},"end":{"line":7,"column":null}},"1":{"start":{"line":8,"column":18},"end":{"line":8,"column":null}},"2":{"start":{"line":9,"column":26},"end":{"line":9,"column":null}},"3":{"start":{"line":13,"column":8},"end":{"line":13,"column":null}},"4":{"start":{"line":14,"column":8},"end":{"line":23,"column":null}},"5":{"start":{"line":15,"column":12},"end":{"line":21,"column":null}},"6":{"start":{"line":28,"column":4},"end":{"line":45,"column":null}},"7":{"start":{"line":31,"column":16},"end":{"line":35,"column":null}},"8":{"start":{"line":39,"column":54},"end":{"line":39,"column":79}},"9":{"start":{"line":40,"column":43},"end":{"line":40,"column":75}},"10":{"start":{"line":43,"column":39},"end":{"line":43,"column":71}}},"fnMap":{"0":{"name":"ListContainer","decl":{"start":{"line":6,"column":24},"end":{"line":6,"column":40}},"loc":{"start":{"line":6,"column":40},"end":{"line":48,"column":null}}},"1":{"name":"handleCreateList","decl":{"start":{"line":12,"column":13},"end":{"line":12,"column":30}},"loc":{"start":{"line":12,"column":42},"end":{"line":25,"column":null}}},"2":{"name":"(anonymous_2)","decl":{"start":{"line":30,"column":24},"end":{"line":30,"column":32}},"loc":{"start":{"line":30,"column":32},"end":{"line":36,"column":13}}},"3":{"name":"(anonymous_3)","decl":{"start":{"line":39,"column":38},"end":{"line":39,"column":39}},"loc":{"start":{"line":39,"column":54},"end":{"line":39,"column":79}}},"4":{"name":"(anonymous_4)","decl":{"start":{"line":40,"column":37},"end":{"line":40,"column":43}},"loc":{"start":{"line":40,"column":43},"end":{"line":40,"column":75}}},"5":{"name":"(anonymous_5)","decl":{"start":{"line":43,"column":33},"end":{"line":43,"column":39}},"loc":{"start":{"line":43,"column":39},"end":{"line":43,"column":71}}}},"branchMap":{"0":{"loc":{"start":{"line":14,"column":8},"end":{"line":23,"column":null}},"type":"if","locations":[{"start":{"line":14,"column":8},"end":{"line":23,"column":null}},{"start":{"line":14,"column":8},"end":{"line":23,"column":null}}]},"1":{"loc":{"start":{"line":37,"column":13},"end":{"line":43,"column":null}},"type":"cond-expr","locations":[{"start":{"line":38,"column":16},"end":{"line":41,"column":null}},{"start":{"line":43,"column":16},"end":{"line":43,"column":null}}]}},"s":{"0":1,"1":1,"2":1,"3":0,"4":0,"5":0,"6":1,"7":3,"8":0,"9":0,"10":0},"f":{"0":1,"1":0,"2":3,"3":0,"4":0,"5":0},"b":{"0":[0,0],"1":[0,1]}}
,"/home/tomas/web-projects/proyectos-react/todolist-app/src/components/list-form.tsx": {"path":"/home/tomas/web-projects/proyectos-react/todolist-app/src/components/list-form.tsx","statementMap":{"0":{"start":{"line":15,"column":30},"end":{"line":15,"column":null}},"1":{"start":{"line":17,"column":25},"end":{"line":19,"column":null}},"2":{"start":{"line":18,"column":8},"end":{"line":18,"column":null}},"3":{"start":{"line":21,"column":4},"end":{"line":27,"column":null}},"4":{"start":{"line":24,"column":86},"end":{"line":24,"column":102}}},"fnMap":{"0":{"name":"ListForm","decl":{"start":{"line":10,"column":24},"end":{"line":10,"column":33}},"loc":{"start":{"line":13,"column":3},"end":{"line":29,"column":null}}},"1":{"name":"(anonymous_1)","decl":{"start":{"line":17,"column":25},"end":{"line":17,"column":26}},"loc":{"start":{"line":17,"column":37},"end":{"line":19,"column":null}}},"2":{"name":"(anonymous_2)","decl":{"start":{"line":24,"column":79},"end":{"line":24,"column":80}},"loc":{"start":{"line":24,"column":86},"end":{"line":24,"column":102}}}},"branchMap":{},"s":{"0":3,"1":3,"2":0,"3":3,"4":0},"f":{"0":3,"1":0,"2":0},"b":{}}
,"/home/tomas/web-projects/proyectos-react/todolist-app/src/components/list-item.tsx": {"path":"/home/tomas/web-projects/proyectos-react/todolist-app/src/components/list-item.tsx","statementMap":{"0":{"start":{"line":17,"column":36},"end":{"line":17,"column":null}},"1":{"start":{"line":18,"column":21},"end":{"line":18,"column":null}},"2":{"start":{"line":22,"column":8},"end":{"line":22,"column":null}},"3":{"start":{"line":23,"column":8},"end":{"line":35,"column":null}},"4":{"start":{"line":24,"column":12},"end":{"line":34,"column":null}},"5":{"start":{"line":37,"column":8},"end":{"line":37,"column":null}},"6":{"start":{"line":41,"column":8},"end":{"line":52,"column":null}},"7":{"start":{"line":42,"column":12},"end":{"line":51,"column":null}},"8":{"start":{"line":57,"column":4},"end":{"line":72,"column":null}},"9":{"start":{"line":59,"column":34},"end":{"line":59,"column":58}},"10":{"start":{"line":59,"column":74},"end":{"line":59,"column":102}},"11":{"start":{"line":62,"column":58},"end":{"line":62,"column":92}},"12":{"start":{"line":63,"column":39},"end":{"line":63,"column":63}}},"fnMap":{"0":{"name":"ListItem","decl":{"start":{"line":15,"column":24},"end":{"line":15,"column":34}},"loc":{"start":{"line":15,"column":47},"end":{"line":76,"column":null}}},"1":{"name":"handleUpdateItem","decl":{"start":{"line":21,"column":13},"end":{"line":21,"column":30}},"loc":{"start":{"line":21,"column":58},"end":{"line":38,"column":null}}},"2":{"name":"handleDeleteItem","decl":{"start":{"line":40,"column":13},"end":{"line":40,"column":30}},"loc":{"start":{"line":40,"column":42},"end":{"line":53,"column":null}}},"3":{"name":"(anonymous_3)","decl":{"start":{"line":59,"column":28},"end":{"line":59,"column":34}},"loc":{"start":{"line":59,"column":34},"end":{"line":59,"column":58}}},"4":{"name":"(anonymous_4)","decl":{"start":{"line":59,"column":68},"end":{"line":59,"column":74}},"loc":{"start":{"line":59,"column":74},"end":{"line":59,"column":102}}},"5":{"name":"(anonymous_5)","decl":{"start":{"line":62,"column":47},"end":{"line":62,"column":48}},"loc":{"start":{"line":62,"column":58},"end":{"line":62,"column":92}}},"6":{"name":"(anonymous_6)","decl":{"start":{"line":63,"column":33},"end":{"line":63,"column":39}},"loc":{"start":{"line":63,"column":39},"end":{"line":63,"column":63}}}},"branchMap":{"0":{"loc":{"start":{"line":23,"column":8},"end":{"line":35,"column":null}},"type":"if","locations":[{"start":{"line":23,"column":8},"end":{"line":35,"column":null}},{"start":{"line":23,"column":8},"end":{"line":35,"column":null}}]},"1":{"loc":{"start":{"line":41,"column":8},"end":{"line":52,"column":null}},"type":"if","locations":[{"start":{"line":41,"column":8},"end":{"line":52,"column":null}},{"start":{"line":41,"column":8},"end":{"line":52,"column":null}}]},"2":{"loc":{"start":{"line":60,"column":13},"end":{"line":70,"column":null}},"type":"cond-expr","locations":[{"start":{"line":61,"column":16},"end":{"line":64,"column":null}},{"start":{"line":66,"column":16},"end":{"line":70,"column":null}}]}},"s":{"0":21,"1":21,"2":1,"3":1,"4":0,"5":1,"6":0,"7":0,"8":21,"9":5,"10":0,"11":1,"12":1},"f":{"0":21,"1":1,"2":0,"3":5,"4":0,"5":1,"6":1},"b":{"0":[0,1],"1":[0,0],"2":[4,17]}}
,"/home/tomas/web-projects/proyectos-react/todolist-app/src/components/list.tsx": {"path":"/home/tomas/web-projects/proyectos-react/todolist-app/src/components/list.tsx","statementMap":{"0":{"start":{"line":17,"column":36},"end":{"line":17,"column":null}},"1":{"start":{"line":18,"column":44},"end":{"line":18,"column":null}},"2":{"start":{"line":19,"column":32},"end":{"line":19,"column":null}},"3":{"start":{"line":21,"column":18},"end":{"line":21,"column":null}},"4":{"start":{"line":22,"column":21},"end":{"line":22,"column":null}},"5":{"start":{"line":23,"column":26},"end":{"line":23,"column":null}},"6":{"start":{"line":27,"column":8},"end":{"line":27,"column":null}},"7":{"start":{"line":28,"column":8},"end":{"line":28,"column":null}},"8":{"start":{"line":29,"column":25},"end":{"line":29,"column":null}},"9":{"start":{"line":30,"column":28},"end":{"line":30,"column":null}},"10":{"start":{"line":31,"column":34},"end":{"line":31,"column":null}},"11":{"start":{"line":32,"column":30},"end":{"line":32,"column":null}},"12":{"start":{"line":34,"column":8},"end":{"line":46,"column":null}},"13":{"start":{"line":35,"column":12},"end":{"line":45,"column":null}},"14":{"start":{"line":50,"column":8},"end":{"line":50,"column":null}},"15":{"start":{"line":51,"column":8},"end":{"line":51,"column":null}},"16":{"start":{"line":52,"column":8},"end":{"line":62,"column":null}},"17":{"start":{"line":53,"column":12},"end":{"line":60,"column":null}},"18":{"start":{"line":66,"column":8},"end":{"line":75,"column":null}},"19":{"start":{"line":67,"column":12},"end":{"line":74,"column":null}},"20":{"start":{"line":78,"column":4},"end":{"line":111,"column":null}},"21":{"start":{"line":80,"column":34},"end":{"line":80,"column":58}},"22":{"start":{"line":80,"column":74},"end":{"line":80,"column":101}},"23":{"start":{"line":84,"column":35},"end":{"line":84,"column":59}},"24":{"start":{"line":87,"column":31},"end":{"line":87,"column":52}},"25":{"start":{"line":89,"column":45},"end":{"line":89,"column":69}},"26":{"start":{"line":91,"column":16},"end":{"line":99,"column":null}},"27":{"start":{"line":105,"column":41},"end":{"line":105,"column":66}},"28":{"start":{"line":106,"column":35},"end":{"line":106,"column":67}},"29":{"start":{"line":109,"column":35},"end":{"line":109,"column":67}}},"fnMap":{"0":{"name":"List","decl":{"start":{"line":12,"column":24},"end":{"line":12,"column":30}},"loc":{"start":{"line":15,"column":3},"end":{"line":114,"column":null}}},"1":{"name":"handleCreateItem","decl":{"start":{"line":26,"column":13},"end":{"line":26,"column":30}},"loc":{"start":{"line":26,"column":61},"end":{"line":47,"column":null}}},"2":{"name":"handleUpdateList","decl":{"start":{"line":49,"column":13},"end":{"line":49,"column":30}},"loc":{"start":{"line":49,"column":42},"end":{"line":63,"column":null}}},"3":{"name":"handleDeleteList","decl":{"start":{"line":65,"column":13},"end":{"line":65,"column":30}},"loc":{"start":{"line":65,"column":46},"end":{"line":76,"column":null}}},"4":{"name":"(anonymous_4)","decl":{"start":{"line":80,"column":28},"end":{"line":80,"column":34}},"loc":{"start":{"line":80,"column":34},"end":{"line":80,"column":58}}},"5":{"name":"(anonymous_5)","decl":{"start":{"line":80,"column":68},"end":{"line":80,"column":74}},"loc":{"start":{"line":80,"column":74},"end":{"line":80,"column":101}}},"6":{"name":"(anonymous_6)","decl":{"start":{"line":84,"column":29},"end":{"line":84,"column":35}},"loc":{"start":{"line":84,"column":35},"end":{"line":84,"column":59}}},"7":{"name":"(anonymous_7)","decl":{"start":{"line":87,"column":25},"end":{"line":87,"column":31}},"loc":{"start":{"line":87,"column":31},"end":{"line":87,"column":52}}},"8":{"name":"(anonymous_8)","decl":{"start":{"line":89,"column":37},"end":{"line":89,"column":45}},"loc":{"start":{"line":89,"column":45},"end":{"line":89,"column":69}}},"9":{"name":"(anonymous_9)","decl":{"start":{"line":90,"column":17},"end":{"line":90,"column":18}},"loc":{"start":{"line":90,"column":27},"end":{"line":101,"column":13}}},"10":{"name":"(anonymous_10)","decl":{"start":{"line":105,"column":30},"end":{"line":105,"column":31}},"loc":{"start":{"line":105,"column":41},"end":{"line":105,"column":66}}},"11":{"name":"(anonymous_11)","decl":{"start":{"line":106,"column":29},"end":{"line":106,"column":35}},"loc":{"start":{"line":106,"column":35},"end":{"line":106,"column":67}}},"12":{"name":"(anonymous_12)","decl":{"start":{"line":109,"column":29},"end":{"line":109,"column":35}},"loc":{"start":{"line":109,"column":35},"end":{"line":109,"column":67}}}},"branchMap":{"0":{"loc":{"start":{"line":34,"column":8},"end":{"line":46,"column":null}},"type":"if","locations":[{"start":{"line":34,"column":8},"end":{"line":46,"column":null}},{"start":{"line":34,"column":8},"end":{"line":46,"column":null}}]},"1":{"loc":{"start":{"line":52,"column":8},"end":{"line":62,"column":null}},"type":"if","locations":[{"start":{"line":52,"column":8},"end":{"line":62,"column":null}},{"start":{"line":52,"column":8},"end":{"line":62,"column":null}}]},"2":{"loc":{"start":{"line":66,"column":8},"end":{"line":75,"column":null}},"type":"if","locations":[{"start":{"line":66,"column":8},"end":{"line":75,"column":null}},{"start":{"line":66,"column":8},"end":{"line":75,"column":null}}]},"3":{"loc":{"start":{"line":81,"column":14},"end":{"line":87,"column":null}},"type":"cond-expr","locations":[{"start":{"line":82,"column":12},"end":{"line":85,"column":null}},{"start":{"line":87,"column":12},"end":{"line":87,"column":null}}]},"4":{"loc":{"start":{"line":89,"column":13},"end":{"line":101,"column":null}},"type":"binary-expr","locations":[{"start":{"line":89,"column":13},"end":{"line":89,"column":23}},{"start":{"line":89,"column":23},"end":{"line":101,"column":null}}]},"5":{"loc":{"start":{"line":103,"column":13},"end":{"line":109,"column":null}},"type":"binary-expr","locations":[{"start":{"line":103,"column":13},"end":{"line":103,"column":24}},{"start":{"line":103,"column":24},"end":{"line":109,"column":null}}]},"6":{"loc":{"start":{"line":103,"column":24},"end":{"line":109,"column":null}},"type":"cond-expr","locations":[{"start":{"line":104,"column":12},"end":{"line":107,"column":null}},{"start":{"line":109,"column":12},"end":{"line":109,"column":null}}]}},"s":{"0":18,"1":18,"2":18,"3":18,"4":18,"5":18,"6":1,"7":1,"8":1,"9":1,"10":1,"11":1,"12":1,"13":1,"14":0,"15":0,"16":0,"17":0,"18":0,"19":0,"20":18,"21":1,"22":0,"23":0,"24":5,"25":15,"26":9,"27":1,"28":0,"29":2},"f":{"0":18,"1":1,"2":0,"3":0,"4":1,"5":0,"6":0,"7":5,"8":15,"9":9,"10":1,"11":0,"12":2},"b":{"0":[1,0],"1":[0,0],"2":[0,0],"3":[1,17],"4":[18,7],"5":[18,7],"6":[2,5]}}
}
